2020-07-20T21:36:15.270Z - error: Rendering request 1 finished with error in 33297 ms
2020-07-20T21:36:15.278Z - error: Error when processing render request 1 Timeout Error: pdf generation not completed after 3120ms Error: Timeout Error: pdf generation not completed after 3120ms
    at Timeout._onTimeout (C:\Users\Santiago Morales\Desktop\JsReport\jsreportapp\node_modules\jsreport-chrome-pdf\lib\conversion.js:274:19)
    at listOnTimeout (internal/timers.js:549:17)
    at processTimers (internal/timers.js:492:7)
2020-07-20T21:36:15.285Z - error: Error during processing request at http://localhost:8001/api/report/invoice-main
2020-07-21T19:25:49.845Z - error: Rendering request 5 finished with error in 8760 ms
2020-07-21T19:25:49.990Z - error: Error when processing render request 5 Timeout Error: pdf generation not completed after 3845ms Error: Timeout Error: pdf generation not completed after 3845ms
    at Timeout.<anonymous> (C:\Users\Santiago Morales\Desktop\JsReport\jsreportapp\node_modules\jsreport-chrome-pdf\lib\conversion.js:274:19)
    at listOnTimeout (internal/timers.js:549:17)
    at processTimers (internal/timers.js:492:7)
2020-07-21T19:25:49.994Z - error: Error during processing request at http://localhost:8001/api/report/PDFSALESREPORT
2020-07-21T19:26:02.875Z - error: Rendering request 6 finished with error in 7453 ms
2020-07-21T19:26:02.888Z - error: Error when processing render request 6 Timeout Error: pdf generation not completed after 3869ms Error: Timeout Error: pdf generation not completed after 3869ms
    at Timeout.<anonymous> (C:\Users\Santiago Morales\Desktop\JsReport\jsreportapp\node_modules\jsreport-chrome-pdf\lib\conversion.js:274:19)
    at listOnTimeout (internal/timers.js:549:17)
    at processTimers (internal/timers.js:492:7)
2020-07-21T19:26:02.888Z - error: Error during processing request at http://localhost:8001/api/report/PDFSALESREPORT
2020-07-21T19:31:27.647Z - error: Rendering request 1 finished with error in 12023 ms
2020-07-21T19:31:27.671Z - error: Error when processing render request 1 Timeout Error: pdf generation not completed after 3810ms Error: Timeout Error: pdf generation not completed after 3810ms
    at Timeout.<anonymous> (C:\Users\Santiago Morales\Desktop\JsReport\jsreportapp\node_modules\jsreport-chrome-pdf\lib\conversion.js:274:19)
    at listOnTimeout (internal/timers.js:549:17)
    at processTimers (internal/timers.js:492:7)
2020-07-21T19:31:27.759Z - error: Error during processing request at http://localhost:8001/api/report/PDFSALESREPORT
2020-07-21T19:43:34.641Z - error: Rendering request 8 finished with error in 10561 ms
2020-07-21T19:43:34.641Z - error: Error when processing render request 8 Timeout Error: pdf generation not completed after 4923ms Error: Timeout Error: pdf generation not completed after 4923ms
    at Timeout.<anonymous> (C:\Users\Santiago Morales\Desktop\JsReport\jsreportapp\node_modules\jsreport-chrome-pdf\lib\conversion.js:274:19)
    at listOnTimeout (internal/timers.js:549:17)
    at processTimers (internal/timers.js:492:7)
2020-07-21T19:43:34.649Z - error: Error during processing request at http://localhost:8001/api/report/PDFSALESREPORT
2020-07-21T19:45:37.279Z - error: Rendering request 1 finished with error in 7638 ms
2020-07-21T19:45:37.287Z - error: Error when processing render request 1 Timeout Error: pdf generation not completed after 4025ms Error: Timeout Error: pdf generation not completed after 4025ms
    at Timeout.<anonymous> (C:\Users\Santiago Morales\Desktop\JsReport\jsreportapp\node_modules\jsreport-chrome-pdf\lib\conversion.js:274:19)
    at listOnTimeout (internal/timers.js:549:17)
    at processTimers (internal/timers.js:492:7)
2020-07-21T19:45:37.295Z - error: Error during processing request at http://localhost:8001/api/report/PDFSALESREPORT
2020-07-21T21:45:01.610Z - error: Rendering request 1 finished with error in 15580 ms
2020-07-21T21:45:01.624Z - error: Error when processing render request 1 Timeout Error: pdf generation not completed after 4215ms Error: Timeout Error: pdf generation not completed after 4215ms
    at Timeout.<anonymous> (C:\Users\Santiago Morales\Desktop\JsReport\jsreportapp\node_modules\jsreport-chrome-pdf\lib\conversion.js:274:19)
    at listOnTimeout (internal/timers.js:549:17)
    at processTimers (internal/timers.js:492:7)
2020-07-21T21:45:01.630Z - error: Error during processing request at http://localhost:8001/api/report/PDFSALESREPORT
2020-07-21T22:10:32.253Z - error: Rendering request 13 finished with error in 20394 ms
2020-07-21T22:10:32.255Z - error: Error when processing render request 13 Timeout Error: pdf generation not completed after 1002ms Error: Timeout Error: pdf generation not completed after 1002ms
    at Timeout.<anonymous> (C:\Users\Santiago Morales\Desktop\JsReport\jsreportapp\node_modules\jsreport-chrome-pdf\lib\conversion.js:274:19)
    at listOnTimeout (internal/timers.js:549:17)
    at processTimers (internal/timers.js:492:7)
2020-07-21T22:10:32.257Z - error: Error during processing request at http://localhost:8001/api/report/orders-main
2020-07-21T22:10:35.586Z - error: Rendering request 14 finished with error in 15635 ms
2020-07-21T22:10:35.588Z - error: Error when processing render request 14 Timeout Error: pdf generation not completed after 3255ms Error: Timeout Error: pdf generation not completed after 3255ms
    at Timeout.<anonymous> (C:\Users\Santiago Morales\Desktop\JsReport\jsreportapp\node_modules\jsreport-chrome-pdf\lib\conversion.js:274:19)
    at listOnTimeout (internal/timers.js:549:17)
    at processTimers (internal/timers.js:492:7)
2020-07-21T22:10:35.589Z - error: Error during processing request at http://localhost:8001/api/report/orders-main
2020-07-21T22:10:51.838Z - error: Rendering request 15 finished with error in 10787 ms
2020-07-21T22:10:51.857Z - error: Error when processing render request 15 Timeout Error: pdf generation not completed after 4368ms Error: Timeout Error: pdf generation not completed after 4368ms
    at Timeout.<anonymous> (C:\Users\Santiago Morales\Desktop\JsReport\jsreportapp\node_modules\jsreport-chrome-pdf\lib\conversion.js:274:19)
    at listOnTimeout (internal/timers.js:549:17)
    at processTimers (internal/timers.js:492:7)
2020-07-21T22:10:51.870Z - error: Error during processing request at http://localhost:8001/api/report/orders-main
2020-07-21T22:13:43.870Z - error: Rendering request 16 finished with error in 16759 ms
2020-07-21T22:13:43.873Z - error: Error when processing render request 16 Timeout Error: pdf generation not completed after 3963ms Error: Timeout Error: pdf generation not completed after 3963ms
    at Timeout.<anonymous> (C:\Users\Santiago Morales\Desktop\JsReport\jsreportapp\node_modules\jsreport-chrome-pdf\lib\conversion.js:274:19)
    at listOnTimeout (internal/timers.js:549:17)
    at processTimers (internal/timers.js:492:7)
2020-07-21T22:13:43.878Z - error: Error during processing request at http://localhost:8001/api/report/orders-main
2020-07-27T18:55:05.874Z - error: Rendering request 1 finished with error in 16478 ms
2020-07-27T18:55:05.877Z - error: Error when processing render request 1 Timeout Error: pdf generation not completed after 1972ms Error: Timeout Error: pdf generation not completed after 1972ms
    at Timeout.<anonymous> (C:\Users\Santiago Morales\Desktop\JsReport\jsreportapp\node_modules\jsreport-chrome-pdf\lib\conversion.js:274:19)
    at listOnTimeout (internal/timers.js:549:17)
    at processTimers (internal/timers.js:492:7)
2020-07-27T18:55:05.884Z - error: Error during processing request at http://localhost:8001/api/report
2020-07-27T18:55:06.843Z - error: Rendering request 2 finished with error in 17408 ms
2020-07-27T18:55:06.846Z - error: Error when processing render request 2 Timeout Error: pdf generation not completed after 2004ms Error: Timeout Error: pdf generation not completed after 2004ms
    at Timeout.<anonymous> (C:\Users\Santiago Morales\Desktop\JsReport\jsreportapp\node_modules\jsreport-chrome-pdf\lib\conversion.js:274:19)
    at listOnTimeout (internal/timers.js:549:17)
    at processTimers (internal/timers.js:492:7)
2020-07-27T18:55:06.866Z - error: Error during processing request at http://localhost:8001/api/report
2020-07-27T18:57:39.185Z - error: Rendering request 6 finished with error in 22482 ms
2020-07-27T18:57:39.188Z - error: Error when processing render request 6 Timeout Error: pdf generation not completed after 1930ms Error: Timeout Error: pdf generation not completed after 1930ms
    at Timeout.<anonymous> (C:\Users\Santiago Morales\Desktop\JsReport\jsreportapp\node_modules\jsreport-chrome-pdf\lib\conversion.js:274:19)
    at listOnTimeout (internal/timers.js:549:17)
    at processTimers (internal/timers.js:492:7)
2020-07-27T18:57:39.224Z - error: Error during processing request at http://localhost:8001/api/report
2020-07-27T18:57:44.960Z - error: Rendering request 5 finished with error in 28602 ms
2020-07-27T18:57:44.963Z - error: Error when processing render request 5 Timeout Error: pdf generation not completed after 1725ms Error: Timeout Error: pdf generation not completed after 1725ms
    at Timeout.<anonymous> (C:\Users\Santiago Morales\Desktop\JsReport\jsreportapp\node_modules\jsreport-chrome-pdf\lib\conversion.js:274:19)
    at listOnTimeout (internal/timers.js:549:17)
    at processTimers (internal/timers.js:492:7)
2020-07-27T18:57:44.966Z - error: Error during processing request at http://localhost:8001/api/report
2020-07-27T18:59:01.125Z - error: Rendering request 10 finished with error in 15183 ms
2020-07-27T18:59:01.143Z - error: Error when processing render request 10 Timeout Error: pdf generation not completed after 3677ms Error: Timeout Error: pdf generation not completed after 3677ms
    at Timeout.<anonymous> (C:\Users\Santiago Morales\Desktop\JsReport\jsreportapp\node_modules\jsreport-chrome-pdf\lib\conversion.js:274:19)
    at listOnTimeout (internal/timers.js:549:17)
    at processTimers (internal/timers.js:492:7)
2020-07-27T18:59:01.145Z - error: Error during processing request at http://localhost:8001/api/report
2020-07-27T18:59:01.149Z - error: Rendering request 11 finished with error in 9886 ms
2020-07-27T18:59:01.151Z - error: Error when processing render request 11 Timeout Error: pdf generation not completed after 3479ms Error: Timeout Error: pdf generation not completed after 3479ms
    at Timeout.<anonymous> (C:\Users\Santiago Morales\Desktop\JsReport\jsreportapp\node_modules\jsreport-chrome-pdf\lib\conversion.js:274:19)
    at listOnTimeout (internal/timers.js:549:17)
    at processTimers (internal/timers.js:492:7)
2020-07-27T18:59:01.152Z - error: Error during processing request at http://localhost:8001/api/report
2020-07-27T18:59:02.709Z - error: Rendering request 12 finished with error in 11053 ms
2020-07-27T18:59:02.725Z - error: Error when processing render request 12 Timeout Error: pdf generation not completed after 4043ms Error: Timeout Error: pdf generation not completed after 4043ms
    at Timeout.<anonymous> (C:\Users\Santiago Morales\Desktop\JsReport\jsreportapp\node_modules\jsreport-chrome-pdf\lib\conversion.js:274:19)
    at listOnTimeout (internal/timers.js:549:17)
    at processTimers (internal/timers.js:492:7)
2020-07-27T18:59:02.725Z - error: Error during processing request at http://localhost:8001/api/report
2020-07-27T18:59:02.870Z - error: Rendering request 9 finished with error in 17025 ms
2020-07-27T18:59:02.906Z - error: Error when processing render request 9 Timeout Error: pdf generation not completed after 3302ms Error: Timeout Error: pdf generation not completed after 3302ms
    at Timeout.<anonymous> (C:\Users\Santiago Morales\Desktop\JsReport\jsreportapp\node_modules\jsreport-chrome-pdf\lib\conversion.js:274:19)
    at listOnTimeout (internal/timers.js:549:17)
    at processTimers (internal/timers.js:492:7)
2020-07-27T18:59:02.989Z - error: Error during processing request at http://localhost:8001/api/report
2020-07-27T19:05:01.122Z - error: Rendering request 19 finished with error in 12605 ms
2020-07-27T19:05:01.124Z - error: Error when processing render request 19 Timeout Error: pdf generation not completed after 2429ms Error: Timeout Error: pdf generation not completed after 2429ms
    at Timeout.<anonymous> (C:\Users\Santiago Morales\Desktop\JsReport\jsreportapp\node_modules\jsreport-chrome-pdf\lib\conversion.js:274:19)
    at listOnTimeout (internal/timers.js:549:17)
    at processTimers (internal/timers.js:492:7)
2020-07-27T19:05:01.125Z - error: Error during processing request at http://localhost:8001/api/report
2020-07-27T19:06:14.007Z - error: Rendering request 22 finished with error in 13922 ms
2020-07-27T19:06:14.011Z - error: Error when processing render request 22 Timeout Error: pdf generation not completed after 1780ms Error: Timeout Error: pdf generation not completed after 1780ms
    at Timeout.<anonymous> (C:\Users\Santiago Morales\Desktop\JsReport\jsreportapp\node_modules\jsreport-chrome-pdf\lib\conversion.js:274:19)
    at listOnTimeout (internal/timers.js:549:17)
    at processTimers (internal/timers.js:492:7)
2020-07-27T19:06:14.012Z - error: Error during processing request at http://localhost:8001/api/report
2020-07-27T19:07:37.540Z - error: Rendering request 30 finished with error in 8990 ms
2020-07-27T19:07:37.586Z - error: Error when processing render request 30 Timeout Error: pdf generation not completed after 2766ms Error: Timeout Error: pdf generation not completed after 2766ms
    at Timeout.<anonymous> (C:\Users\Santiago Morales\Desktop\JsReport\jsreportapp\node_modules\jsreport-chrome-pdf\lib\conversion.js:274:19)
    at listOnTimeout (internal/timers.js:549:17)
    at processTimers (internal/timers.js:492:7)
2020-07-27T19:07:37.642Z - error: Error during processing request at http://localhost:8001/api/report
2020-07-27T19:10:19.503Z - error: Rendering request 38 finished with error in 11233 ms
2020-07-27T19:10:19.506Z - error: Error when processing render request 38 Timeout Error: pdf generation not completed after 3419ms Error: Timeout Error: pdf generation not completed after 3419ms
    at Timeout.<anonymous> (C:\Users\Santiago Morales\Desktop\JsReport\jsreportapp\node_modules\jsreport-chrome-pdf\lib\conversion.js:274:19)
    at listOnTimeout (internal/timers.js:549:17)
    at processTimers (internal/timers.js:492:7)
2020-07-27T19:10:19.511Z - error: Error during processing request at http://localhost:8001/api/report
2020-07-28T17:18:35.057Z - error: Rendering request 1 finished with error in 52114 ms
2020-07-28T17:18:35.062Z - error: Error when processing render request 1 Timeout Error: pdf generation not completed after 2361ms Error: Timeout Error: pdf generation not completed after 2361ms
    at Timeout.<anonymous> (C:\Users\Santiago Morales\Desktop\JsReport\jsreportapp\node_modules\jsreport-chrome-pdf\lib\conversion.js:274:19)
    at listOnTimeout (internal/timers.js:549:17)
    at processTimers (internal/timers.js:492:7)
2020-07-28T17:18:35.068Z - error: Error during processing request at http://localhost:8001/api/report
2020-07-28T17:18:35.446Z - error: Rendering request 2 finished with error in 26107 ms
2020-07-28T17:18:35.448Z - error: Error when processing render request 2 Timeout Error: pdf generation not completed after 4792ms Error: Timeout Error: pdf generation not completed after 4792ms
    at Timeout.<anonymous> (C:\Users\Santiago Morales\Desktop\JsReport\jsreportapp\node_modules\jsreport-chrome-pdf\lib\conversion.js:274:19)
    at listOnTimeout (internal/timers.js:549:17)
    at processTimers (internal/timers.js:492:7)
2020-07-28T17:18:35.450Z - error: Error during processing request at http://localhost:8001/api/report
2020-07-28T18:24:36.390Z - error: Rendering request 7 finished with error in 15326 ms
2020-07-28T18:24:36.550Z - error: Error when processing render request 7 Timeout Error: pdf generation not completed after 4892ms Error: Timeout Error: pdf generation not completed after 4892ms
    at Timeout.<anonymous> (C:\Users\Santiago Morales\Desktop\JsReport\jsreportapp\node_modules\jsreport-chrome-pdf\lib\conversion.js:274:19)
    at listOnTimeout (internal/timers.js:549:17)
    at processTimers (internal/timers.js:492:7)
2020-07-28T18:24:36.615Z - error: Error during processing request at http://localhost:8001/api/report/ClientsReportTemplate
2020-07-28T18:26:28.974Z - error: Rendering request 9 finished with error in 14646 ms
2020-07-28T18:26:28.974Z - error: Error when processing render request 9 Timeout Error: pdf generation not completed after 4907ms Error: Timeout Error: pdf generation not completed after 4907ms
    at Timeout.<anonymous> (C:\Users\Santiago Morales\Desktop\JsReport\jsreportapp\node_modules\jsreport-chrome-pdf\lib\conversion.js:274:19)
    at listOnTimeout (internal/timers.js:549:17)
    at processTimers (internal/timers.js:492:7)
2020-07-28T18:26:28.974Z - error: Error during processing request at http://localhost:8001/api/report/ClientsReportTemplate
2020-07-28T18:31:43.399Z - error: Rendering request 11 finished with error in 13961 ms
2020-07-28T18:31:43.410Z - error: Error when processing render request 11 Timeout Error: pdf generation not completed after 4574ms Error: Timeout Error: pdf generation not completed after 4574ms
    at Timeout.<anonymous> (C:\Users\Santiago Morales\Desktop\JsReport\jsreportapp\node_modules\jsreport-chrome-pdf\lib\conversion.js:274:19)
    at listOnTimeout (internal/timers.js:549:17)
    at processTimers (internal/timers.js:492:7)
2020-07-28T18:31:43.446Z - error: Error during processing request at http://localhost:8001/api/report/ClientsReportTemplate
2020-07-28T18:54:44.501Z - error: Error when processing OData POST: /odata/assets Error: Request to file C:\Users\Santiago Morales\Desktop\JsReport\jsreportapp\reportClients-styles denied. Please allow it by setting config { "extensions": { "assets": { "allowedFiles": "**/*.*" } } }
    at module.exports (C:\Users\Santiago Morales\Desktop\JsReport\jsreportapp\node_modules\jsreport-core\lib\util\createError.js:11:13)
    at Reporter.createError (C:\Users\Santiago Morales\Desktop\JsReport\jsreportapp\node_modules\jsreport-core\lib\reporter.js:332:12)
    at linkPath (C:\Users\Santiago Morales\Desktop\JsReport\jsreportapp\node_modules\jsreport-assets\lib\assets.js:93:20)
    at readFile (C:\Users\Santiago Morales\Desktop\JsReport\jsreportapp\node_modules\jsreport-assets\lib\assets.js:103:28)
    at AsyncFunction.<anonymous> (C:\Users\Santiago Morales\Desktop\JsReport\jsreportapp\node_modules\jsreport-assets\lib\assets.js:447:15)
    at C:\Users\Santiago Morales\Desktop\JsReport\jsreportapp\node_modules\listener-collection\lib\listenerCollection.js:171:33
    at C:\Users\Santiago Morales\Desktop\JsReport\jsreportapp\node_modules\listener-collection\lib\listenerCollection.js:151:16
    at tryCatcher (C:\Users\Santiago Morales\Desktop\JsReport\jsreportapp\node_modules\listener-collection\node_modules\bluebird\js\release\util.js:16:23)
    at Promise._settlePromiseFromHandler (C:\Users\Santiago Morales\Desktop\JsReport\jsreportapp\node_modules\listener-collection\node_modules\bluebird\js\release\promise.js:512:31)
    at Promise._settlePromise (C:\Users\Santiago Morales\Desktop\JsReport\jsreportapp\node_modules\listener-collection\node_modules\bluebird\js\release\promise.js:569:18)
    at Promise._settlePromise0 (C:\Users\Santiago Morales\Desktop\JsReport\jsreportapp\node_modules\listener-collection\node_modules\bluebird\js\release\promise.js:614:10)
    at Promise._settlePromises (C:\Users\Santiago Morales\Desktop\JsReport\jsreportapp\node_modules\listener-collection\node_modules\bluebird\js\release\promise.js:693:18)
    at Async._drainQueue (C:\Users\Santiago Morales\Desktop\JsReport\jsreportapp\node_modules\listener-collection\node_modules\bluebird\js\release\async.js:133:16)
    at Async._drainQueues (C:\Users\Santiago Morales\Desktop\JsReport\jsreportapp\node_modules\listener-collection\node_modules\bluebird\js\release\async.js:143:10)
    at Immediate.Async.drainQueues (C:\Users\Santiago Morales\Desktop\JsReport\jsreportapp\node_modules\listener-collection\node_modules\bluebird\js\release\async.js:17:14)
    at processImmediate (internal/timers.js:456:21)
2020-07-28T19:16:28.963Z - error: Rendering request 2 finished with error in 19815 ms
2020-07-28T19:16:28.965Z - error: Error when processing render request 2 Timeout Error: pdf generation not completed after 4865ms Error: Timeout Error: pdf generation not completed after 4865ms
    at Timeout.<anonymous> (C:\Users\Santiago Morales\Desktop\JsReport\jsreportapp\node_modules\jsreport-chrome-pdf\lib\conversion.js:274:19)
    at listOnTimeout (internal/timers.js:549:17)
    at processTimers (internal/timers.js:492:7)
2020-07-28T19:16:28.969Z - error: Error during processing request at http://localhost:8001/api/report/ClientsReportTemplate
2020-07-28T19:16:45.738Z - error: Rendering request 3 finished with error in 9371 ms
2020-07-28T19:16:45.746Z - error: Error when processing render request 3 Timeout Error: pdf generation not completed after 4724ms Error: Timeout Error: pdf generation not completed after 4724ms
    at Timeout.<anonymous> (C:\Users\Santiago Morales\Desktop\JsReport\jsreportapp\node_modules\jsreport-chrome-pdf\lib\conversion.js:274:19)
    at listOnTimeout (internal/timers.js:549:17)
    at processTimers (internal/timers.js:492:7)
2020-07-28T19:16:45.746Z - error: Error during processing request at http://localhost:8001/api/report/ClientsReportTemplate
2020-07-28T19:17:03.511Z - error: Rendering request 4 finished with error in 8966 ms
2020-07-28T19:17:03.548Z - error: Error when processing render request 4 Timeout Error: pdf generation not completed after 4881ms Error: Timeout Error: pdf generation not completed after 4881ms
    at Timeout.<anonymous> (C:\Users\Santiago Morales\Desktop\JsReport\jsreportapp\node_modules\jsreport-chrome-pdf\lib\conversion.js:274:19)
    at listOnTimeout (internal/timers.js:549:17)
    at processTimers (internal/timers.js:492:7)
2020-07-28T19:17:03.640Z - error: Error during processing request at http://localhost:8001/api/report/ClientsReportTemplate
2020-07-28T19:18:00.415Z - error: Rendering request 5 finished with error in 8442 ms
2020-07-28T19:18:00.431Z - error: Error when processing render request 5 Timeout Error: pdf generation not completed after 4868ms Error: Timeout Error: pdf generation not completed after 4868ms
    at Timeout.<anonymous> (C:\Users\Santiago Morales\Desktop\JsReport\jsreportapp\node_modules\jsreport-chrome-pdf\lib\conversion.js:274:19)
    at listOnTimeout (internal/timers.js:549:17)
    at processTimers (internal/timers.js:492:7)
2020-07-28T19:18:00.459Z - error: Error during processing request at http://localhost:8001/api/report/ClientsReportTemplate
2020-07-28T19:21:18.840Z - error: Rendering request 8 finished with error in 14992 ms
2020-07-28T19:21:18.840Z - error: Error when processing render request 8 Timeout Error: pdf generation not completed after 4605ms Error: Timeout Error: pdf generation not completed after 4605ms
    at Timeout.<anonymous> (C:\Users\Santiago Morales\Desktop\JsReport\jsreportapp\node_modules\jsreport-chrome-pdf\lib\conversion.js:274:19)
    at listOnTimeout (internal/timers.js:549:17)
    at processTimers (internal/timers.js:492:7)
2020-07-28T19:21:18.848Z - error: Error during processing request at http://localhost:8001/api/report/ClientsReportTemplate
2020-07-28T21:27:49.963Z - error: Rendering request 12 finished with error in 18574 ms
2020-07-28T21:27:49.963Z - error: Error when processing render request 12 Timeout Error: pdf generation not completed after 4904ms Error: Timeout Error: pdf generation not completed after 4904ms
    at Timeout.<anonymous> (C:\Users\Santiago Morales\Desktop\JsReport\jsreportapp\node_modules\jsreport-chrome-pdf\lib\conversion.js:274:19)
    at listOnTimeout (internal/timers.js:549:17)
    at processTimers (internal/timers.js:492:7)
2020-07-28T21:27:49.971Z - error: Error during processing request at http://localhost:8001/api/report/ClientsReportTemplate
2020-07-28T21:29:29.404Z - error: Rendering request 14 finished with error in 17106 ms
2020-07-28T21:29:29.412Z - error: Error when processing render request 14 Timeout Error: pdf generation not completed after 4873ms Error: Timeout Error: pdf generation not completed after 4873ms
    at Timeout.<anonymous> (C:\Users\Santiago Morales\Desktop\JsReport\jsreportapp\node_modules\jsreport-chrome-pdf\lib\conversion.js:274:19)
    at listOnTimeout (internal/timers.js:549:17)
    at processTimers (internal/timers.js:492:7)
2020-07-28T21:29:29.412Z - error: Error during processing request at http://localhost:8001/api/report/ClientsReportTemplate
2020-07-28T21:29:46.418Z - error: Rendering request 15 finished with error in 12508 ms
2020-07-28T21:29:46.426Z - error: Error when processing render request 15 Timeout Error: pdf generation not completed after 4656ms Error: Timeout Error: pdf generation not completed after 4656ms
    at Timeout.<anonymous> (C:\Users\Santiago Morales\Desktop\JsReport\jsreportapp\node_modules\jsreport-chrome-pdf\lib\conversion.js:274:19)
    at listOnTimeout (internal/timers.js:549:17)
    at processTimers (internal/timers.js:492:7)
2020-07-28T21:29:46.426Z - error: Error during processing request at http://localhost:8001/api/report/ClientsReportTemplate
2020-07-28T21:30:23.118Z - error: Rendering request 16 finished with error in 13599 ms
2020-07-28T21:30:23.126Z - error: Error when processing render request 16 Timeout Error: pdf generation not completed after 4048ms Error: Timeout Error: pdf generation not completed after 4048ms
    at Timeout.<anonymous> (C:\Users\Santiago Morales\Desktop\JsReport\jsreportapp\node_modules\jsreport-chrome-pdf\lib\conversion.js:274:19)
    at listOnTimeout (internal/timers.js:549:17)
    at processTimers (internal/timers.js:492:7)
2020-07-28T21:30:23.134Z - error: Error during processing request at http://localhost:8001/api/report/ClientsReportTemplate
2020-07-28T21:33:35.260Z - error: Rendering request 21 finished with error in 16188 ms
2020-07-28T21:33:35.268Z - error: Error when processing render request 21 Timeout Error: pdf generation not completed after 4840ms Error: Timeout Error: pdf generation not completed after 4840ms
    at Timeout.<anonymous> (C:\Users\Santiago Morales\Desktop\JsReport\jsreportapp\node_modules\jsreport-chrome-pdf\lib\conversion.js:274:19)
    at listOnTimeout (internal/timers.js:549:17)
    at processTimers (internal/timers.js:492:7)
2020-07-28T21:33:35.268Z - error: Error during processing request at http://localhost:8001/api/report/ClientsReportTemplate
2020-07-28T21:33:49.026Z - error: Rendering request 22 finished with error in 10118 ms
2020-07-28T21:33:49.026Z - error: Error when processing render request 22 Timeout Error: pdf generation not completed after 4888ms Error: Timeout Error: pdf generation not completed after 4888ms
    at Timeout.<anonymous> (C:\Users\Santiago Morales\Desktop\JsReport\jsreportapp\node_modules\jsreport-chrome-pdf\lib\conversion.js:274:19)
    at listOnTimeout (internal/timers.js:549:17)
    at processTimers (internal/timers.js:492:7)
2020-07-28T21:33:49.026Z - error: Error during processing request at http://localhost:8001/api/report/ClientsReportTemplate
2020-07-28T21:34:29.796Z - error: Rendering request 24 finished with error in 9199 ms
2020-07-28T21:34:29.796Z - error: Error when processing render request 24 Timeout Error: pdf generation not completed after 4568ms Error: Timeout Error: pdf generation not completed after 4568ms
    at Timeout.<anonymous> (C:\Users\Santiago Morales\Desktop\JsReport\jsreportapp\node_modules\jsreport-chrome-pdf\lib\conversion.js:274:19)
    at listOnTimeout (internal/timers.js:549:17)
    at processTimers (internal/timers.js:492:7)
2020-07-28T21:34:29.804Z - error: Error during processing request at http://localhost:8001/api/report/ClientsReportTemplate
2020-07-28T21:40:00.740Z - error: Rendering request 26 finished with error in 17092 ms
2020-07-28T21:40:00.773Z - error: Error when processing render request 26 Timeout Error: pdf generation not completed after 4730ms Error: Timeout Error: pdf generation not completed after 4730ms
    at Timeout.<anonymous> (C:\Users\Santiago Morales\Desktop\JsReport\jsreportapp\node_modules\jsreport-chrome-pdf\lib\conversion.js:274:19)
    at listOnTimeout (internal/timers.js:549:17)
    at processTimers (internal/timers.js:492:7)
2020-07-28T21:40:00.773Z - error: Error during processing request at http://localhost:8001/api/report/ClientsReportTemplate
2020-07-28T21:42:05.283Z - error: Rendering request 28 finished with error in 22421 ms
2020-07-28T21:42:05.292Z - error: Error when processing render request 28 Timeout Error: pdf generation not completed after 4769ms Error: Timeout Error: pdf generation not completed after 4769ms
    at Timeout.<anonymous> (C:\Users\Santiago Morales\Desktop\JsReport\jsreportapp\node_modules\jsreport-chrome-pdf\lib\conversion.js:274:19)
    at listOnTimeout (internal/timers.js:549:17)
    at processTimers (internal/timers.js:492:7)
2020-07-28T21:42:05.295Z - error: Error during processing request at http://localhost:8001/api/report/ClientsReportTemplate
2020-07-28T21:42:27.570Z - error: Rendering request 29 finished with error in 16425 ms
2020-07-28T21:42:27.587Z - error: Error when processing render request 29 Timeout Error: pdf generation not completed after 4572ms Error: Timeout Error: pdf generation not completed after 4572ms
    at Timeout.<anonymous> (C:\Users\Santiago Morales\Desktop\JsReport\jsreportapp\node_modules\jsreport-chrome-pdf\lib\conversion.js:274:19)
    at listOnTimeout (internal/timers.js:549:17)
    at processTimers (internal/timers.js:492:7)
2020-07-28T21:42:27.611Z - error: Error during processing request at http://localhost:8001/api/report/ClientsReportTemplate
2020-07-28T21:44:10.053Z - error: Error when processing OData PATCH: /odata/assets(3rIOWqMujOkfTsSN) Error: Entity (_id: 3rIOWqMujOkfTsSN) was modified previously by another source
    at module.exports (C:\Users\Santiago Morales\Desktop\JsReport\jsreportapp\node_modules\jsreport-core\lib\util\createError.js:11:13)
    at Reporter.createError (C:\Users\Santiago Morales\Desktop\JsReport\jsreportapp\node_modules\jsreport-core\lib\reporter.js:332:12)
    at AsyncFunction.<anonymous> (C:\Users\Santiago Morales\Desktop\JsReport\jsreportapp\node_modules\jsreport-studio\lib\studio.js:468:30)
2020-07-28T21:44:10.727Z - error: Error when processing OData PATCH: /odata/assets(3rIOWqMujOkfTsSN) Error: Entity (_id: 3rIOWqMujOkfTsSN) was modified previously by another source
    at module.exports (C:\Users\Santiago Morales\Desktop\JsReport\jsreportapp\node_modules\jsreport-core\lib\util\createError.js:11:13)
    at Reporter.createError (C:\Users\Santiago Morales\Desktop\JsReport\jsreportapp\node_modules\jsreport-core\lib\reporter.js:332:12)
    at AsyncFunction.<anonymous> (C:\Users\Santiago Morales\Desktop\JsReport\jsreportapp\node_modules\jsreport-studio\lib\studio.js:468:30)
2020-07-28T21:44:15.687Z - error: Error when processing OData PATCH: /odata/assets(3rIOWqMujOkfTsSN) Error: Entity (_id: 3rIOWqMujOkfTsSN) was modified previously by another source
    at module.exports (C:\Users\Santiago Morales\Desktop\JsReport\jsreportapp\node_modules\jsreport-core\lib\util\createError.js:11:13)
    at Reporter.createError (C:\Users\Santiago Morales\Desktop\JsReport\jsreportapp\node_modules\jsreport-core\lib\reporter.js:332:12)
    at AsyncFunction.<anonymous> (C:\Users\Santiago Morales\Desktop\JsReport\jsreportapp\node_modules\jsreport-studio\lib\studio.js:468:30)
2020-07-28T21:44:21.493Z - error: Error when processing OData PATCH: /odata/assets(3rIOWqMujOkfTsSN) Error: Entity (_id: 3rIOWqMujOkfTsSN) was modified previously by another source
    at module.exports (C:\Users\Santiago Morales\Desktop\JsReport\jsreportapp\node_modules\jsreport-core\lib\util\createError.js:11:13)
    at Reporter.createError (C:\Users\Santiago Morales\Desktop\JsReport\jsreportapp\node_modules\jsreport-core\lib\reporter.js:332:12)
    at AsyncFunction.<anonymous> (C:\Users\Santiago Morales\Desktop\JsReport\jsreportapp\node_modules\jsreport-studio\lib\studio.js:468:30)
2020-07-28T21:44:47.989Z - error: Rendering request 32 finished with error in 12292 ms
2020-07-28T21:44:47.997Z - error: Error when processing render request 32 Timeout Error: pdf generation not completed after 4838ms Error: Timeout Error: pdf generation not completed after 4838ms
    at Timeout.<anonymous> (C:\Users\Santiago Morales\Desktop\JsReport\jsreportapp\node_modules\jsreport-chrome-pdf\lib\conversion.js:274:19)
    at listOnTimeout (internal/timers.js:549:17)
    at processTimers (internal/timers.js:492:7)
2020-07-28T21:44:48.005Z - error: Error during processing request at http://localhost:8001/api/report/ClientsReportTemplate
2020-07-28T21:45:04.191Z - error: Rendering request 33 finished with error in 13659 ms
2020-07-28T21:45:04.199Z - error: Error when processing render request 33 Timeout Error: pdf generation not completed after 4768ms Error: Timeout Error: pdf generation not completed after 4768ms
    at Timeout.<anonymous> (C:\Users\Santiago Morales\Desktop\JsReport\jsreportapp\node_modules\jsreport-chrome-pdf\lib\conversion.js:274:19)
    at listOnTimeout (internal/timers.js:549:17)
    at processTimers (internal/timers.js:492:7)
2020-07-28T21:45:04.199Z - error: Error during processing request at http://localhost:8001/api/report/ClientsReportTemplate
2020-07-28T21:45:18.926Z - error: Rendering request 34 finished with error in 11802 ms
2020-07-28T21:45:18.926Z - error: Error when processing render request 34 Timeout Error: pdf generation not completed after 3998ms Error: Timeout Error: pdf generation not completed after 3998ms
    at Timeout.<anonymous> (C:\Users\Santiago Morales\Desktop\JsReport\jsreportapp\node_modules\jsreport-chrome-pdf\lib\conversion.js:274:19)
    at listOnTimeout (internal/timers.js:549:17)
    at processTimers (internal/timers.js:492:7)
2020-07-28T21:45:18.926Z - error: Error during processing request at http://localhost:8001/api/report/ClientsReportTemplate
2020-07-28T21:52:09.367Z - error: Rendering request 37 finished with error in 20386 ms
2020-07-28T21:52:09.697Z - error: Error when processing render request 37 Timeout Error: pdf generation not completed after 4528ms Error: Timeout Error: pdf generation not completed after 4528ms
    at Timeout.<anonymous> (C:\Users\Santiago Morales\Desktop\JsReport\jsreportapp\node_modules\jsreport-chrome-pdf\lib\conversion.js:274:19)
    at listOnTimeout (internal/timers.js:549:17)
    at processTimers (internal/timers.js:492:7)
2020-07-28T21:52:09.967Z - error: Error during processing request at http://localhost:8001/api/report/ClientsReportTemplate
2020-07-28T22:02:52.742Z - error: Rendering request 40 finished with error in 14172 ms
2020-07-28T22:02:52.742Z - error: Error when processing render request 40 Timeout Error: pdf generation not completed after 4747ms Error: Timeout Error: pdf generation not completed after 4747ms
    at Timeout.<anonymous> (C:\Users\Santiago Morales\Desktop\JsReport\jsreportapp\node_modules\jsreport-chrome-pdf\lib\conversion.js:274:19)
    at listOnTimeout (internal/timers.js:549:17)
    at processTimers (internal/timers.js:492:7)
2020-07-28T22:02:52.757Z - error: Error during processing request at http://localhost:8001/api/report/ClientsReportTemplate
2020-07-28T22:05:12.378Z - error: Rendering request 42 finished with error in 11219 ms
2020-07-28T22:05:12.378Z - error: Error when processing render request 42 Timeout Error: pdf generation not completed after 4724ms Error: Timeout Error: pdf generation not completed after 4724ms
    at Timeout.<anonymous> (C:\Users\Santiago Morales\Desktop\JsReport\jsreportapp\node_modules\jsreport-chrome-pdf\lib\conversion.js:274:19)
    at listOnTimeout (internal/timers.js:549:17)
    at processTimers (internal/timers.js:492:7)
2020-07-28T22:05:12.386Z - error: Error during processing request at http://localhost:8001/api/report/ClientsReportTemplate
2020-07-28T22:07:30.128Z - error: Rendering request 45 finished with error in 10744 ms
2020-07-28T22:07:30.135Z - error: Error when processing render request 45 Timeout Error: pdf generation not completed after 4895ms Error: Timeout Error: pdf generation not completed after 4895ms
    at Timeout.<anonymous> (C:\Users\Santiago Morales\Desktop\JsReport\jsreportapp\node_modules\jsreport-chrome-pdf\lib\conversion.js:274:19)
    at listOnTimeout (internal/timers.js:549:17)
    at processTimers (internal/timers.js:492:7)
2020-07-28T22:07:30.135Z - error: Error during processing request at http://localhost:8001/api/report/ClientsReportTemplate
2020-07-28T22:07:48.001Z - error: Rendering request 46 finished with error in 14681 ms
2020-07-28T22:07:48.001Z - error: Error when processing render request 46 Timeout Error: pdf generation not completed after 4410ms Error: Timeout Error: pdf generation not completed after 4410ms
    at Timeout.<anonymous> (C:\Users\Santiago Morales\Desktop\JsReport\jsreportapp\node_modules\jsreport-chrome-pdf\lib\conversion.js:274:19)
    at listOnTimeout (internal/timers.js:549:17)
    at processTimers (internal/timers.js:492:7)
2020-07-28T22:07:48.017Z - error: Error during processing request at http://localhost:8001/api/report/ClientsReportTemplate
2020-07-28T22:16:31.584Z - error: Rendering request 55 finished with error in 9897 ms
2020-07-28T22:16:31.584Z - error: Error when processing render request 55 Timeout Error: pdf generation not completed after 4716ms Error: Timeout Error: pdf generation not completed after 4716ms
    at Timeout.<anonymous> (C:\Users\Santiago Morales\Desktop\JsReport\jsreportapp\node_modules\jsreport-chrome-pdf\lib\conversion.js:274:19)
    at listOnTimeout (internal/timers.js:549:17)
    at processTimers (internal/timers.js:492:7)
2020-07-28T22:16:31.592Z - error: Error during processing request at http://localhost:8001/api/report/ClientsReportTemplate
2020-07-28T22:16:49.653Z - error: Rendering request 56 finished with error in 15958 ms
2020-07-28T22:16:49.653Z - error: Error when processing render request 56 Timeout Error: pdf generation not completed after 4840ms Error: Timeout Error: pdf generation not completed after 4840ms
    at Timeout.<anonymous> (C:\Users\Santiago Morales\Desktop\JsReport\jsreportapp\node_modules\jsreport-chrome-pdf\lib\conversion.js:274:19)
    at listOnTimeout (internal/timers.js:549:17)
    at processTimers (internal/timers.js:492:7)
2020-07-28T22:16:49.670Z - error: Error during processing request at http://localhost:8001/api/report/ClientsReportTemplate
2020-07-28T22:17:35.485Z - error: Rendering request 57 finished with error in 29806 ms
2020-07-28T22:17:35.485Z - error: Error when processing render request 57 Timeout Error: pdf generation not completed after 4720ms Error: Timeout Error: pdf generation not completed after 4720ms
    at Timeout.<anonymous> (C:\Users\Santiago Morales\Desktop\JsReport\jsreportapp\node_modules\jsreport-chrome-pdf\lib\conversion.js:274:19)
    at listOnTimeout (internal/timers.js:549:17)
    at processTimers (internal/timers.js:492:7)
2020-07-28T22:17:35.485Z - error: Error during processing request at http://localhost:8001/api/report/ClientsReportTemplate
2020-07-28T22:18:48.061Z - error: Rendering request 59 finished with error in 11050 ms
2020-07-28T22:18:48.077Z - error: Error when processing render request 59 Timeout Error: pdf generation not completed after 4316ms Error: Timeout Error: pdf generation not completed after 4316ms
    at Timeout.<anonymous> (C:\Users\Santiago Morales\Desktop\JsReport\jsreportapp\node_modules\jsreport-chrome-pdf\lib\conversion.js:274:19)
    at listOnTimeout (internal/timers.js:549:17)
    at processTimers (internal/timers.js:492:7)
2020-07-28T22:18:48.077Z - error: Error during processing request at http://localhost:8001/api/report/ClientsReportTemplate
2020-07-28T22:18:59.685Z - error: Rendering request 60 finished with error in 9479 ms
2020-07-28T22:18:59.685Z - error: Error when processing render request 60 Timeout Error: pdf generation not completed after 4850ms Error: Timeout Error: pdf generation not completed after 4850ms
    at Timeout.<anonymous> (C:\Users\Santiago Morales\Desktop\JsReport\jsreportapp\node_modules\jsreport-chrome-pdf\lib\conversion.js:274:19)
    at listOnTimeout (internal/timers.js:549:17)
    at processTimers (internal/timers.js:492:7)
2020-07-28T22:18:59.685Z - error: Error during processing request at http://localhost:8001/api/report/ClientsReportTemplate
2020-07-28T22:19:27.020Z - error: Rendering request 61 finished with error in 10239 ms
2020-07-28T22:19:27.037Z - error: Error when processing render request 61 Timeout Error: pdf generation not completed after 4869ms Error: Timeout Error: pdf generation not completed after 4869ms
    at Timeout.<anonymous> (C:\Users\Santiago Morales\Desktop\JsReport\jsreportapp\node_modules\jsreport-chrome-pdf\lib\conversion.js:274:19)
    at listOnTimeout (internal/timers.js:549:17)
    at processTimers (internal/timers.js:492:7)
2020-07-28T22:19:27.045Z - error: Error during processing request at http://localhost:8001/api/report/ClientsReportTemplate
2020-07-28T22:21:34.286Z - error: Rendering request 63 finished with error in 13960 ms
2020-07-28T22:21:34.294Z - error: Error when processing render request 63 Timeout Error: pdf generation not completed after 4895ms Error: Timeout Error: pdf generation not completed after 4895ms
    at Timeout.<anonymous> (C:\Users\Santiago Morales\Desktop\JsReport\jsreportapp\node_modules\jsreport-chrome-pdf\lib\conversion.js:274:19)
    at listOnTimeout (internal/timers.js:549:17)
    at processTimers (internal/timers.js:492:7)
2020-07-28T22:21:34.316Z - error: Error during processing request at http://localhost:8001/api/report/ClientsReportTemplate
2020-07-28T22:21:52.574Z - error: Rendering request 64 finished with error in 11852 ms
2020-07-28T22:21:52.574Z - error: Error when processing render request 64 Timeout Error: pdf generation not completed after 4917ms Error: Timeout Error: pdf generation not completed after 4917ms
    at Timeout.<anonymous> (C:\Users\Santiago Morales\Desktop\JsReport\jsreportapp\node_modules\jsreport-chrome-pdf\lib\conversion.js:274:19)
    at listOnTimeout (internal/timers.js:549:17)
    at processTimers (internal/timers.js:492:7)
2020-07-28T22:21:52.582Z - error: Error during processing request at http://localhost:8001/api/report/ClientsReportTemplate
2020-07-28T22:22:17.878Z - error: Rendering request 65 finished with error in 17072 ms
2020-07-28T22:22:17.882Z - error: Error when processing render request 65 Timeout Error: pdf generation not completed after 4392ms Error: Timeout Error: pdf generation not completed after 4392ms
    at Timeout.<anonymous> (C:\Users\Santiago Morales\Desktop\JsReport\jsreportapp\node_modules\jsreport-chrome-pdf\lib\conversion.js:274:19)
    at listOnTimeout (internal/timers.js:549:17)
    at processTimers (internal/timers.js:492:7)
2020-07-28T22:22:17.882Z - error: Error during processing request at http://localhost:8001/api/report/ClientsReportTemplate
2020-07-28T22:22:35.464Z - error: Rendering request 66 finished with error in 10721 ms
2020-07-28T22:22:35.472Z - error: Error when processing render request 66 Timeout Error: pdf generation not completed after 4890ms Error: Timeout Error: pdf generation not completed after 4890ms
    at Timeout.<anonymous> (C:\Users\Santiago Morales\Desktop\JsReport\jsreportapp\node_modules\jsreport-chrome-pdf\lib\conversion.js:274:19)
    at listOnTimeout (internal/timers.js:549:17)
    at processTimers (internal/timers.js:492:7)
2020-07-28T22:22:35.480Z - error: Error during processing request at http://localhost:8001/api/report/ClientsReportTemplate
2020-07-28T22:28:48.926Z - error: Rendering request 68 finished with error in 10247 ms
2020-07-28T22:28:48.931Z - error: Error when processing render request 68 Timeout Error: pdf generation not completed after 4850ms Error: Timeout Error: pdf generation not completed after 4850ms
    at Timeout.<anonymous> (C:\Users\Santiago Morales\Desktop\JsReport\jsreportapp\node_modules\jsreport-chrome-pdf\lib\conversion.js:274:19)
    at listOnTimeout (internal/timers.js:549:17)
    at processTimers (internal/timers.js:492:7)
2020-07-28T22:28:48.932Z - error: Error during processing request at http://localhost:8001/api/report/ClientsReportTemplate
2020-07-28T22:48:33.920Z - error: Rendering request 86 finished with error in 11743 ms
2020-07-28T22:48:33.928Z - error: Error when processing render request 86 Timeout Error: pdf generation not completed after 4784ms Error: Timeout Error: pdf generation not completed after 4784ms
    at Timeout.<anonymous> (C:\Users\Santiago Morales\Desktop\JsReport\jsreportapp\node_modules\jsreport-chrome-pdf\lib\conversion.js:274:19)
    at listOnTimeout (internal/timers.js:549:17)
    at processTimers (internal/timers.js:492:7)
2020-07-28T22:48:33.928Z - error: Error during processing request at http://localhost:8001/api/report/ClientsReportTemplate
2020-07-28T22:48:51.811Z - error: Rendering request 87 finished with error in 12191 ms
2020-07-28T22:48:51.844Z - error: Error when processing render request 87 Timeout Error: pdf generation not completed after 4912ms Error: Timeout Error: pdf generation not completed after 4912ms
    at Timeout.<anonymous> (C:\Users\Santiago Morales\Desktop\JsReport\jsreportapp\node_modules\jsreport-chrome-pdf\lib\conversion.js:274:19)
    at listOnTimeout (internal/timers.js:549:17)
    at processTimers (internal/timers.js:492:7)
2020-07-28T22:48:51.884Z - error: Error during processing request at http://localhost:8001/api/report/ClientsReportTemplate
2020-07-28T22:50:33.400Z - error: Rendering request 89 finished with error in 10999 ms
2020-07-28T22:50:33.400Z - error: Error when processing render request 89 Timeout Error: pdf generation not completed after 4850ms Error: Timeout Error: pdf generation not completed after 4850ms
    at Timeout.<anonymous> (C:\Users\Santiago Morales\Desktop\JsReport\jsreportapp\node_modules\jsreport-chrome-pdf\lib\conversion.js:274:19)
    at listOnTimeout (internal/timers.js:549:17)
    at processTimers (internal/timers.js:492:7)
2020-07-28T22:50:33.400Z - error: Error during processing request at http://localhost:8001/api/report/ClientsReportTemplate
2020-07-28T22:52:29.733Z - error: Rendering request 93 finished with error in 12571 ms
2020-07-28T22:52:29.741Z - error: Error when processing render request 93 Timeout Error: pdf generation not completed after 4704ms Error: Timeout Error: pdf generation not completed after 4704ms
    at Timeout.<anonymous> (C:\Users\Santiago Morales\Desktop\JsReport\jsreportapp\node_modules\jsreport-chrome-pdf\lib\conversion.js:274:19)
    at listOnTimeout (internal/timers.js:549:17)
    at processTimers (internal/timers.js:492:7)
2020-07-28T22:52:29.834Z - error: Error during processing request at http://localhost:8001/api/report/ClientsReportTemplate
2020-07-28T22:53:08.480Z - error: Rendering request 95 finished with error in 12078 ms
2020-07-28T22:53:08.480Z - error: Error when processing render request 95 Timeout Error: pdf generation not completed after 4929ms Error: Timeout Error: pdf generation not completed after 4929ms
    at Timeout.<anonymous> (C:\Users\Santiago Morales\Desktop\JsReport\jsreportapp\node_modules\jsreport-chrome-pdf\lib\conversion.js:274:19)
    at listOnTimeout (internal/timers.js:549:17)
    at processTimers (internal/timers.js:492:7)
2020-07-28T22:53:08.480Z - error: Error during processing request at http://localhost:8001/api/report
2020-07-28T22:55:58.297Z - error: Rendering request 97 finished with error in 13950 ms
2020-07-28T22:55:58.297Z - error: Error when processing render request 97 Timeout Error: pdf generation not completed after 4871ms Error: Timeout Error: pdf generation not completed after 4871ms
    at Timeout.<anonymous> (C:\Users\Santiago Morales\Desktop\JsReport\jsreportapp\node_modules\jsreport-chrome-pdf\lib\conversion.js:274:19)
    at listOnTimeout (internal/timers.js:549:17)
    at processTimers (internal/timers.js:492:7)
2020-07-28T22:55:58.305Z - error: Error during processing request at http://localhost:8001/api/report/ClientsReportTemplate
2020-07-28T22:56:20.681Z - error: Rendering request 98 finished with error in 10361 ms
2020-07-28T22:56:20.681Z - error: Error when processing render request 98 Timeout Error: pdf generation not completed after 4770ms Error: Timeout Error: pdf generation not completed after 4770ms
    at Timeout.<anonymous> (C:\Users\Santiago Morales\Desktop\JsReport\jsreportapp\node_modules\jsreport-chrome-pdf\lib\conversion.js:274:19)
    at listOnTimeout (internal/timers.js:549:17)
    at processTimers (internal/timers.js:492:7)
2020-07-28T22:56:20.681Z - error: Error during processing request at http://localhost:8001/api/report/ClientsReportTemplate
2020-07-28T22:56:42.292Z - error: Rendering request 99 finished with error in 14381 ms
2020-07-28T22:56:42.300Z - error: Error when processing render request 99 Timeout Error: pdf generation not completed after 4876ms Error: Timeout Error: pdf generation not completed after 4876ms
    at Timeout.<anonymous> (C:\Users\Santiago Morales\Desktop\JsReport\jsreportapp\node_modules\jsreport-chrome-pdf\lib\conversion.js:274:19)
    at listOnTimeout (internal/timers.js:549:17)
    at processTimers (internal/timers.js:492:7)
2020-07-28T22:56:42.300Z - error: Error during processing request at http://localhost:8001/api/report/ClientsReportTemplate
2020-07-28T22:57:14.967Z - error: Rendering request 101 finished with error in 10387 ms
2020-07-28T22:57:14.967Z - error: Error when processing render request 101 Timeout Error: pdf generation not completed after 4915ms Error: Timeout Error: pdf generation not completed after 4915ms
    at Timeout.<anonymous> (C:\Users\Santiago Morales\Desktop\JsReport\jsreportapp\node_modules\jsreport-chrome-pdf\lib\conversion.js:274:19)
    at listOnTimeout (internal/timers.js:549:17)
    at processTimers (internal/timers.js:492:7)
2020-07-28T22:57:14.967Z - error: Error during processing request at http://localhost:8001/api/report
2020-07-28T22:57:30.870Z - error: Rendering request 103 finished with error in 10824 ms
2020-07-28T22:57:30.870Z - error: Error when processing render request 103 Timeout Error: pdf generation not completed after 4867ms Error: Timeout Error: pdf generation not completed after 4867ms
    at Timeout.<anonymous> (C:\Users\Santiago Morales\Desktop\JsReport\jsreportapp\node_modules\jsreport-chrome-pdf\lib\conversion.js:274:19)
    at listOnTimeout (internal/timers.js:549:17)
    at processTimers (internal/timers.js:492:7)
2020-07-28T22:57:30.878Z - error: Error during processing request at http://localhost:8001/api/report
2020-07-28T22:57:40.874Z - error: Rendering request 102 finished with error in 22767 ms
2020-07-28T22:57:40.878Z - error: Error when processing render request 102 Timeout Error: pdf generation not completed after 4826ms Error: Timeout Error: pdf generation not completed after 4826ms
    at Timeout.<anonymous> (C:\Users\Santiago Morales\Desktop\JsReport\jsreportapp\node_modules\jsreport-chrome-pdf\lib\conversion.js:274:19)
    at listOnTimeout (internal/timers.js:549:17)
    at processTimers (internal/timers.js:492:7)
2020-07-28T22:57:40.878Z - error: Error during processing request at http://localhost:8001/api/report
2020-07-28T23:00:45.904Z - error: Rendering request 105 finished with error in 12208 ms
2020-07-28T23:00:45.904Z - error: Error when processing render request 105 Timeout Error: pdf generation not completed after 4896ms Error: Timeout Error: pdf generation not completed after 4896ms
    at Timeout.<anonymous> (C:\Users\Santiago Morales\Desktop\JsReport\jsreportapp\node_modules\jsreport-chrome-pdf\lib\conversion.js:274:19)
    at listOnTimeout (internal/timers.js:549:17)
    at processTimers (internal/timers.js:492:7)
2020-07-28T23:00:45.904Z - error: Error during processing request at http://localhost:8001/api/report/ClientsReportTemplate
2020-07-28T23:01:12.296Z - error: Rendering request 106 finished with error in 20503 ms
2020-07-28T23:01:12.384Z - error: Error when processing render request 106 Timeout Error: pdf generation not completed after 4863ms Error: Timeout Error: pdf generation not completed after 4863ms
    at Timeout.<anonymous> (C:\Users\Santiago Morales\Desktop\JsReport\jsreportapp\node_modules\jsreport-chrome-pdf\lib\conversion.js:274:19)
    at listOnTimeout (internal/timers.js:549:17)
    at processTimers (internal/timers.js:492:7)
2020-07-28T23:01:12.512Z - error: Error during processing request at http://localhost:8001/api/report/ClientsReportTemplate
2020-07-28T23:01:15.545Z - error: Rendering request 107 finished with error in 19620 ms
2020-07-28T23:01:15.545Z - error: Error when processing render request 107 Timeout Error: pdf generation not completed after 3770ms Error: Timeout Error: pdf generation not completed after 3770ms
    at Timeout.<anonymous> (C:\Users\Santiago Morales\Desktop\JsReport\jsreportapp\node_modules\jsreport-chrome-pdf\lib\conversion.js:274:19)
    at listOnTimeout (internal/timers.js:549:17)
    at processTimers (internal/timers.js:492:7)
2020-07-28T23:01:15.549Z - error: Error during processing request at http://localhost:8001/api/report/ClientsReportTemplate
2020-07-29T16:09:55.794Z - error: Rendering request 1 finished with error in 58940 ms
2020-07-29T16:09:56.354Z - error: Error when processing render request 1 Timeout Error: pdf generation not completed after 2124ms Error: Timeout Error: pdf generation not completed after 2124ms
    at Timeout.<anonymous> (C:\Users\Santiago Morales\Desktop\JsReport\jsreportapp\node_modules\jsreport-chrome-pdf\lib\conversion.js:274:19)
    at listOnTimeout (internal/timers.js:549:17)
    at processTimers (internal/timers.js:492:7)
2020-07-29T16:09:57.121Z - error: Error during processing request at http://localhost:8001/api/report
2020-07-29T16:10:12.260Z - error: Rendering request 2 finished with error in 43562 ms
2020-07-29T16:10:12.272Z - error: Error when processing render request 2 Timeout Error: pdf generation not completed after 4240ms Error: Timeout Error: pdf generation not completed after 4240ms
    at Timeout.<anonymous> (C:\Users\Santiago Morales\Desktop\JsReport\jsreportapp\node_modules\jsreport-chrome-pdf\lib\conversion.js:274:19)
    at listOnTimeout (internal/timers.js:549:17)
    at processTimers (internal/timers.js:492:7)
2020-07-29T16:10:12.274Z - error: Error during processing request at http://localhost:8001/api/report
2020-07-29T16:10:45.552Z - error: Rendering request 3 finished with error in 40220 ms
2020-07-29T16:10:45.555Z - error: Error when processing render request 3 Timeout Error: pdf generation not completed after 1567ms Error: Timeout Error: pdf generation not completed after 1567ms
    at Timeout.<anonymous> (C:\Users\Santiago Morales\Desktop\JsReport\jsreportapp\node_modules\jsreport-chrome-pdf\lib\conversion.js:274:19)
    at listOnTimeout (internal/timers.js:549:17)
    at processTimers (internal/timers.js:492:7)
2020-07-29T16:10:45.560Z - error: Error during processing request at http://localhost:8001/api/report
2020-07-29T16:11:05.219Z - error: Rendering request 4 finished with error in 40834 ms
2020-07-29T16:11:05.221Z - error: Error when processing render request 4 Timeout Error: pdf generation not completed after 4783ms Error: Timeout Error: pdf generation not completed after 4783ms
    at Timeout.<anonymous> (C:\Users\Santiago Morales\Desktop\JsReport\jsreportapp\node_modules\jsreport-chrome-pdf\lib\conversion.js:274:19)
    at listOnTimeout (internal/timers.js:549:17)
    at processTimers (internal/timers.js:492:7)
2020-07-29T16:11:05.225Z - error: Error during processing request at http://localhost:8001/api/report
2020-07-29T16:11:55.154Z - error: Rendering request 5 finished with error in 13863 ms
2020-07-29T16:11:55.324Z - error: Error when processing render request 5 Timeout Error: pdf generation not completed after 4226ms Error: Timeout Error: pdf generation not completed after 4226ms
    at Timeout.<anonymous> (C:\Users\Santiago Morales\Desktop\JsReport\jsreportapp\node_modules\jsreport-chrome-pdf\lib\conversion.js:274:19)
    at listOnTimeout (internal/timers.js:549:17)
    at processTimers (internal/timers.js:492:7)
2020-07-29T16:11:55.444Z - error: Error during processing request at http://localhost:8001/api/report
2020-07-29T16:12:28.730Z - error: Rendering request 6 finished with error in 15193 ms
2020-07-29T16:12:28.732Z - error: Error when processing render request 6 Timeout Error: pdf generation not completed after 3316ms Error: Timeout Error: pdf generation not completed after 3316ms
    at Timeout.<anonymous> (C:\Users\Santiago Morales\Desktop\JsReport\jsreportapp\node_modules\jsreport-chrome-pdf\lib\conversion.js:274:19)
    at listOnTimeout (internal/timers.js:549:17)
    at processTimers (internal/timers.js:492:7)
2020-07-29T16:12:28.734Z - error: Error during processing request at http://localhost:8001/api/report/ClientsReportTemplate
2020-07-29T16:13:47.707Z - error: Rendering request 7 finished with error in 39275 ms
2020-07-29T16:13:47.713Z - error: Error when processing render request 7 Timeout Error: pdf generation not completed after 4865ms Error: Timeout Error: pdf generation not completed after 4865ms
    at Timeout.<anonymous> (C:\Users\Santiago Morales\Desktop\JsReport\jsreportapp\node_modules\jsreport-chrome-pdf\lib\conversion.js:274:19)
    at listOnTimeout (internal/timers.js:549:17)
    at processTimers (internal/timers.js:492:7)
2020-07-29T16:13:47.715Z - error: Error during processing request at http://localhost:8001/api/report
2020-07-29T16:19:32.077Z - error: Rendering request 9 finished with error in 16159 ms
2020-07-29T16:19:32.079Z - error: Error when processing render request 9 Timeout Error: pdf generation not completed after 2954ms Error: Timeout Error: pdf generation not completed after 2954ms
    at Timeout.<anonymous> (C:\Users\Santiago Morales\Desktop\JsReport\jsreportapp\node_modules\jsreport-chrome-pdf\lib\conversion.js:274:19)
    at listOnTimeout (internal/timers.js:549:17)
    at processTimers (internal/timers.js:492:7)
2020-07-29T16:19:32.083Z - error: Error during processing request at http://localhost:8001/api/report/ClientsReportTemplate
2020-07-29T16:19:40.788Z - error: Rendering request 8 finished with error in 30589 ms
2020-07-29T16:19:40.813Z - error: Error when processing render request 8 Timeout Error: pdf generation not completed after 4184ms Error: Timeout Error: pdf generation not completed after 4184ms
    at Timeout.<anonymous> (C:\Users\Santiago Morales\Desktop\JsReport\jsreportapp\node_modules\jsreport-chrome-pdf\lib\conversion.js:274:19)
    at listOnTimeout (internal/timers.js:549:17)
    at processTimers (internal/timers.js:492:7)
2020-07-29T16:19:40.826Z - error: Error during processing request at http://localhost:8001/api/report
2020-07-29T16:23:55.639Z - error: Rendering request 10 finished with error in 35206 ms
2020-07-29T16:23:55.928Z - error: Error when processing render request 10 Timeout Error: pdf generation not completed after 4867ms Error: Timeout Error: pdf generation not completed after 4867ms
    at Timeout.<anonymous> (C:\Users\Santiago Morales\Desktop\JsReport\jsreportapp\node_modules\jsreport-chrome-pdf\lib\conversion.js:274:19)
    at listOnTimeout (internal/timers.js:549:17)
    at processTimers (internal/timers.js:492:7)
2020-07-29T16:23:56.310Z - error: Error during processing request at http://localhost:8001/api/report/ClientsReportTemplate
2020-07-29T16:24:09.969Z - error: Rendering request 11 finished with error in 24363 ms
2020-07-29T16:24:10.281Z - error: Error when processing render request 11 Timeout Error: pdf generation not completed after 4782ms Error: Timeout Error: pdf generation not completed after 4782ms
    at Timeout.<anonymous> (C:\Users\Santiago Morales\Desktop\JsReport\jsreportapp\node_modules\jsreport-chrome-pdf\lib\conversion.js:274:19)
    at listOnTimeout (internal/timers.js:549:17)
    at processTimers (internal/timers.js:492:7)
2020-07-29T16:24:10.628Z - error: Error during processing request at http://localhost:8001/api/report
2020-07-29T16:24:43.880Z - error: Rendering request 12 finished with error in 21807 ms
2020-07-29T16:24:43.888Z - error: Error when processing render request 12 Timeout Error: pdf generation not completed after 4180ms Error: Timeout Error: pdf generation not completed after 4180ms
    at Timeout.<anonymous> (C:\Users\Santiago Morales\Desktop\JsReport\jsreportapp\node_modules\jsreport-chrome-pdf\lib\conversion.js:274:19)
    at listOnTimeout (internal/timers.js:549:17)
    at processTimers (internal/timers.js:492:7)
2020-07-29T16:24:43.890Z - error: Error during processing request at http://localhost:8001/api/report
2020-07-29T16:25:15.779Z - error: Rendering request 13 finished with error in 22334 ms
2020-07-29T16:25:15.781Z - error: Error when processing render request 13 Timeout Error: pdf generation not completed after 4731ms Error: Timeout Error: pdf generation not completed after 4731ms
    at Timeout.<anonymous> (C:\Users\Santiago Morales\Desktop\JsReport\jsreportapp\node_modules\jsreport-chrome-pdf\lib\conversion.js:274:19)
    at listOnTimeout (internal/timers.js:549:17)
    at processTimers (internal/timers.js:492:7)
2020-07-29T16:25:15.790Z - error: Error during processing request at http://localhost:8001/api/report
2020-07-29T16:25:59.731Z - error: Rendering request 14 finished with error in 42049 ms
2020-07-29T16:26:00.157Z - error: Error when processing render request 14 Timeout Error: pdf generation not completed after 4533ms Error: Timeout Error: pdf generation not completed after 4533ms
    at Timeout.<anonymous> (C:\Users\Santiago Morales\Desktop\JsReport\jsreportapp\node_modules\jsreport-chrome-pdf\lib\conversion.js:274:19)
    at listOnTimeout (internal/timers.js:549:17)
    at processTimers (internal/timers.js:492:7)
2020-07-29T16:26:00.439Z - error: Error during processing request at http://localhost:8001/api/report
2020-07-29T16:26:22.978Z - error: Rendering request 15 finished with error in 23828 ms
2020-07-29T16:26:23.207Z - error: Error when processing render request 15 Timeout Error: pdf generation not completed after 3024ms Error: Timeout Error: pdf generation not completed after 3024ms
    at Timeout.<anonymous> (C:\Users\Santiago Morales\Desktop\JsReport\jsreportapp\node_modules\jsreport-chrome-pdf\lib\conversion.js:274:19)
    at listOnTimeout (internal/timers.js:549:17)
    at processTimers (internal/timers.js:492:7)
2020-07-29T16:26:23.353Z - error: Error during processing request at http://localhost:8001/api/report/ClientsReportTemplate
2020-07-29T16:29:08.440Z - error: Rendering request 16 finished with error in 28329 ms
2020-07-29T16:29:08.457Z - error: Error when processing render request 16 Timeout Error: pdf generation not completed after 4687ms Error: Timeout Error: pdf generation not completed after 4687ms
    at Timeout.<anonymous> (C:\Users\Santiago Morales\Desktop\JsReport\jsreportapp\node_modules\jsreport-chrome-pdf\lib\conversion.js:274:19)
    at listOnTimeout (internal/timers.js:549:17)
    at processTimers (internal/timers.js:492:7)
2020-07-29T16:29:08.459Z - error: Error during processing request at http://localhost:8001/api/report
2020-07-29T16:30:00.411Z - error: Rendering request 17 finished with error in 26206 ms
2020-07-29T16:30:00.438Z - error: Error when processing render request 17 Timeout Error: pdf generation not completed after 3804ms Error: Timeout Error: pdf generation not completed after 3804ms
    at Timeout.<anonymous> (C:\Users\Santiago Morales\Desktop\JsReport\jsreportapp\node_modules\jsreport-chrome-pdf\lib\conversion.js:274:19)
    at listOnTimeout (internal/timers.js:549:17)
    at processTimers (internal/timers.js:492:7)
2020-07-29T16:30:00.455Z - error: Error during processing request at http://localhost:8001/api/report/ClientsReportTemplate
2020-07-29T16:30:52.324Z - error: Rendering request 18 finished with error in 31025 ms
2020-07-29T16:30:52.419Z - error: Error when processing render request 18 Timeout Error: pdf generation not completed after 4604ms Error: Timeout Error: pdf generation not completed after 4604ms
    at Timeout.<anonymous> (C:\Users\Santiago Morales\Desktop\JsReport\jsreportapp\node_modules\jsreport-chrome-pdf\lib\conversion.js:274:19)
    at listOnTimeout (internal/timers.js:549:17)
    at processTimers (internal/timers.js:492:7)
2020-07-29T16:30:52.471Z - error: Error during processing request at http://localhost:8001/api/report/ClientsReportTemplate
2020-07-29T16:33:11.271Z - error: Rendering request 19 finished with error in 88406 ms
2020-07-29T16:33:13.293Z - error: Error when processing render request 19 Timeout Error: pdf generation not completed after 4863ms Error: Timeout Error: pdf generation not completed after 4863ms
    at Timeout.<anonymous> (C:\Users\Santiago Morales\Desktop\JsReport\jsreportapp\node_modules\jsreport-chrome-pdf\lib\conversion.js:274:19)
    at listOnTimeout (internal/timers.js:549:17)
    at processTimers (internal/timers.js:492:7)
2020-07-29T16:33:14.507Z - error: Error during processing request at http://localhost:8001/api/report/ClientsReportTemplate
2020-07-29T18:32:54.593Z - error: unable to load planned schedules Error: Timeout during waiting for file system, try it again later.
    at Object.rejectItemsWithTimeout (C:\Users\Santiago Morales\Desktop\JsReport\jsreportapp\node_modules\jsreport-fs-store\lib\queue.js:53:23)
    at Timeout._onTimeout (C:\Users\Santiago Morales\Desktop\JsReport\jsreportapp\node_modules\jsreport-fs-store\lib\transaction.js:10:11)
    at listOnTimeout (internal/timers.js:549:17)
    at processTimers (internal/timers.js:492:7)
2020-07-29T18:33:39.514Z - error: Rendering request 20 finished with error in 15432 ms
2020-07-29T18:33:39.517Z - error: Error when processing render request 20 Timeout Error: pdf generation not completed after 4661ms Error: Timeout Error: pdf generation not completed after 4661ms
    at Timeout.<anonymous> (C:\Users\Santiago Morales\Desktop\JsReport\jsreportapp\node_modules\jsreport-chrome-pdf\lib\conversion.js:274:19)
    at listOnTimeout (internal/timers.js:549:17)
    at processTimers (internal/timers.js:492:7)
2020-07-29T18:33:39.578Z - error: Error during processing request at http://localhost:8001/api/report/ClientsReportTemplate
2020-07-29T18:51:54.447Z - error: Rendering request 1 finished with error in 19151 ms
2020-07-29T18:51:54.447Z - error: Error when processing render request 1 Timeout Error: pdf generation not completed after 4562ms Error: Timeout Error: pdf generation not completed after 4562ms
    at Timeout.<anonymous> (C:\Users\Santiago Morales\Desktop\JsReport\jsreportapp\node_modules\jsreport-chrome-pdf\lib\conversion.js:274:19)
    at listOnTimeout (internal/timers.js:549:17)
    at processTimers (internal/timers.js:492:7)
2020-07-29T18:51:54.463Z - error: Error during processing request at http://localhost:8001/api/report
2020-07-29T19:27:59.186Z - error: Rendering request 22 finished with error in 36785 ms
2020-07-29T19:27:59.192Z - error: Error when processing render request 22 Timeout Error: pdf generation not completed after 5640ms Error: Timeout Error: pdf generation not completed after 5640ms
    at Timeout.<anonymous> (C:\Users\Santiago Morales\Desktop\JsReport\jsreportapp\node_modules\jsreport-chrome-pdf\lib\conversion.js:274:19)
    at listOnTimeout (internal/timers.js:549:17)
    at processTimers (internal/timers.js:492:7)
2020-07-29T19:27:59.199Z - error: Error during processing request at http://localhost:8001/api/report/ClientsReportTemplate
2020-07-30T17:32:20.663Z - error: unable to load planned schedules Error: Timeout during waiting for file system, try it again later.
    at Object.rejectItemsWithTimeout (C:\Users\Santiago Morales\Desktop\JsReport\jsreportapp\node_modules\jsreport-fs-store\lib\queue.js:53:23)
    at Timeout._onTimeout (C:\Users\Santiago Morales\Desktop\JsReport\jsreportapp\node_modules\jsreport-fs-store\lib\transaction.js:10:11)
    at listOnTimeout (internal/timers.js:549:17)
    at processTimers (internal/timers.js:492:7)
2020-07-31T18:07:42.314Z - error: Rendering request 16 finished with error in 1168 ms
2020-07-31T18:07:42.323Z - error: Error when processing render request 16 Failed to launch chrome!
[0731/130741.817:FATAL:feature_list.cc(282)] Check failed: !g_initialized_from_accessor. 
Backtrace:
	ovly_debug_event [0x00007FFCB8D61252+16183762]
	ovly_debug_event [0x00007FFCB8D60832+16181170]
	ovly_debug_event [0x00007FFCB8D73383+16257795]
	ovly_debug_event [0x00007FFCB8D63386+16192262]
	ovly_debug_event [0x00007FFCB88B4B2E+11283118]
	ovly_debug_event [0x00007FFCB8CDDB58+15645400]
	ovly_debug_event [0x00007FFCB8CDDACD+15645261]
	ovly_debug_event [0x00007FFCB8D08F28+15822504]
	ovly_debug_event [0x00007FFCB8CDD35E+15643358]
	ovly_debug_event [0x00007FFCB8D083E3+15819619]
	ovly_debug_event [0x00007FFCB8D082BB+15819323]
	ovly_debug_event [0x00007FFCB8D080F2+15818866]
	ChromeMain [0x00007FFCB7DF11B6+286]
	Ordinal0 [0x00007FF6029B275F+10079]
	Ordinal0 [0x00007FF6029B182D+6189]
	GetHandleVerifier [0x00007FF602ABB7C2+697538]
	BaseThreadInitThunk [0x00007FFD052816AD+13]
	RtlUserThreadStart [0x00007FFD059934A5+29]



TROUBLESHOOTING: https://github.com/GoogleChrome/puppeteer/blob/master/docs/troubleshooting.md
 Error: Failed to launch chrome!
[0731/130741.817:FATAL:feature_list.cc(282)] Check failed: !g_initialized_from_accessor. 
Backtrace:
	ovly_debug_event [0x00007FFCB8D61252+16183762]
	ovly_debug_event [0x00007FFCB8D60832+16181170]
	ovly_debug_event [0x00007FFCB8D73383+16257795]
	ovly_debug_event [0x00007FFCB8D63386+16192262]
	ovly_debug_event [0x00007FFCB88B4B2E+11283118]
	ovly_debug_event [0x00007FFCB8CDDB58+15645400]
	ovly_debug_event [0x00007FFCB8CDDACD+15645261]
	ovly_debug_event [0x00007FFCB8D08F28+15822504]
	ovly_debug_event [0x00007FFCB8CDD35E+15643358]
	ovly_debug_event [0x00007FFCB8D083E3+15819619]
	ovly_debug_event [0x00007FFCB8D082BB+15819323]
	ovly_debug_event [0x00007FFCB8D080F2+15818866]
	ChromeMain [0x00007FFCB7DF11B6+286]
	Ordinal0 [0x00007FF6029B275F+10079]
	Ordinal0 [0x00007FF6029B182D+6189]
	GetHandleVerifier [0x00007FF602ABB7C2+697538]
	BaseThreadInitThunk [0x00007FFD052816AD+13]
	RtlUserThreadStart [0x00007FFD059934A5+29]



TROUBLESHOOTING: https://github.com/GoogleChrome/puppeteer/blob/master/docs/troubleshooting.md

    at onClose (C:\Users\Santiago Morales\Desktop\JsReport\jsreportapp\node_modules\puppeteer\lib\Launcher.js:348:14)
    at ChildProcess.<anonymous> (C:\Users\Santiago Morales\Desktop\JsReport\jsreportapp\node_modules\puppeteer\lib\Launcher.js:338:60)
    at ChildProcess.emit (events.js:323:22)
    at Process.ChildProcess._handle.onexit (internal/child_process.js:275:12)
2020-07-31T18:07:42.358Z - error: Error during processing request at http://localhost:8001/api/report
2020-07-31T19:42:54.308Z - error: Rendering request 53 finished with error in 115450 ms
2020-07-31T19:42:54.309Z - error: Error when processing render request 53 Timeout Error: pdf generation not completed after 69940ms Error: Timeout Error: pdf generation not completed after 69940ms
    at Timeout.<anonymous> (C:\Users\Santiago Morales\Desktop\JsReport\jsreportapp\node_modules\jsreport-chrome-pdf\lib\conversion.js:274:19)
    at listOnTimeout (internal/timers.js:549:17)
    at processTimers (internal/timers.js:492:7)
2020-07-31T19:42:54.311Z - error: Error during processing request at http://localhost:8001/api/report/ClientsReportTemplate
2020-07-31T19:43:38.971Z - error: Rendering request 54 finished with error in 80208 ms
2020-07-31T19:43:38.974Z - error: Error when processing render request 54 Timed out after 30000 ms while trying to connect to Chrome! The only Chrome revision guaranteed to work is r706915 TimeoutError: Timed out after 30000 ms while trying to connect to Chrome! The only Chrome revision guaranteed to work is r706915
    at Timeout.onTimeout (C:\Users\Santiago Morales\Desktop\JsReport\jsreportapp\node_modules\puppeteer\lib\Launcher.js:359:14)
    at listOnTimeout (internal/timers.js:549:17)
    at processTimers (internal/timers.js:492:7)
2020-07-31T19:43:38.977Z - error: Error during processing request at http://localhost:8001/api/report/ClientsReportTemplate
2020-07-31T19:44:08.862Z - error: Rendering request 55 finished with error in 63755 ms
2020-07-31T19:44:08.865Z - error: Error when processing render request 55 Timed out after 30000 ms while trying to connect to Chrome! The only Chrome revision guaranteed to work is r706915 TimeoutError: Timed out after 30000 ms while trying to connect to Chrome! The only Chrome revision guaranteed to work is r706915
    at Timeout.onTimeout (C:\Users\Santiago Morales\Desktop\JsReport\jsreportapp\node_modules\puppeteer\lib\Launcher.js:359:14)
    at listOnTimeout (internal/timers.js:549:17)
    at processTimers (internal/timers.js:492:7)
2020-07-31T19:44:08.866Z - error: Error during processing request at http://localhost:8001/api/report
2020-07-31T19:47:30.179Z - error: Rendering request 1 finished with error in 57251 ms
2020-07-31T19:47:30.182Z - error: Error when processing render request 1 Timed out after 30000 ms while trying to connect to Chrome! The only Chrome revision guaranteed to work is r706915 TimeoutError: Timed out after 30000 ms while trying to connect to Chrome! The only Chrome revision guaranteed to work is r706915
    at Timeout.onTimeout (C:\Users\Santiago Morales\Desktop\JsReport\jsreportapp\node_modules\puppeteer\lib\Launcher.js:359:14)
    at listOnTimeout (internal/timers.js:549:17)
    at processTimers (internal/timers.js:492:7)
2020-07-31T19:47:30.187Z - error: Error during processing request at http://localhost:8001/api/report/ClientsReportTemplate
2020-08-06T17:18:14.177Z - error: unable to load planned schedules Error: Timeout during waiting for file system, try it again later.
    at Object.rejectItemsWithTimeout (C:\Users\Santiago Morales\Desktop\JsReport\jsreportapp\node_modules\jsreport-fs-store\lib\queue.js:53:23)
    at Timeout._onTimeout (C:\Users\Santiago Morales\Desktop\JsReport\jsreportapp\node_modules\jsreport-fs-store\lib\transaction.js:10:11)
    at listOnTimeout (internal/timers.js:549:17)
    at processTimers (internal/timers.js:492:7)
2020-08-18T23:54:43.969Z - error: Rendering request 2 finished with error in 11 ms
2020-08-18T23:54:43.970Z - error: Error when processing render request 2 Asset quotation-styles.css not found in the store and also not on the disk: Unable to find or read file C:\Users\PC_TOM\Desktop\JsReports\quotation-styles.css. ENOENT: no such file or directory, open 'C:\Users\PC_TOM\Desktop\JsReports\quotation-styles.css' Error: Asset quotation-styles.css not found in the store and also not on the disk: Unable to find or read file C:\Users\PC_TOM\Desktop\JsReports\quotation-styles.css. ENOENT: no such file or directory, open 'C:\Users\PC_TOM\Desktop\JsReports\quotation-styles.css'
    at readAsset (C:\Users\PC_TOM\Desktop\JsReports\node_modules\jsreport-assets\lib\assets.js:232:15)
2020-08-18T23:54:43.971Z - error: Error during processing request at http://localhost:8001/api/report/Qoutation
2020-08-18T23:55:03.312Z - error: Rendering request 3 finished with error in 7 ms
2020-08-18T23:55:03.313Z - error: Error when processing render request 3 Asset quotation-styles.css not found in the store and also not on the disk: Unable to find or read file C:\Users\PC_TOM\Desktop\JsReports\quotation-styles.css. ENOENT: no such file or directory, open 'C:\Users\PC_TOM\Desktop\JsReports\quotation-styles.css' Error: Asset quotation-styles.css not found in the store and also not on the disk: Unable to find or read file C:\Users\PC_TOM\Desktop\JsReports\quotation-styles.css. ENOENT: no such file or directory, open 'C:\Users\PC_TOM\Desktop\JsReports\quotation-styles.css'
    at readAsset (C:\Users\PC_TOM\Desktop\JsReports\node_modules\jsreport-assets\lib\assets.js:232:15)
2020-08-18T23:55:03.314Z - error: Error during processing request at http://localhost:8001/api/report/Qoutation
2020-09-08T17:09:58.518Z - error: Error during processing request at http://localhost:8001/api/validate-import?fullImport=false&targetFolder=Byj2FKm, details: Error: end of central directory record signature not found
    at C:\Users\PC_TOM\Desktop\JsReports\node_modules\yauzl\index.js:187:14
    at C:\Users\PC_TOM\Desktop\JsReports\node_modules\yauzl\index.js:631:5
    at C:\Users\PC_TOM\Desktop\JsReports\node_modules\fd-slicer\index.js:32:7
    at FSReqCallback.wrapper [as oncomplete] (fs.js:477:5)
2020-09-08T17:11:02.512Z - error: Error during processing request at http://localhost:8001/api/validate-import?fullImport=true&targetFolder=Byj2FKm, details: Error: end of central directory record signature not found
    at C:\Users\PC_TOM\Desktop\JsReports\node_modules\yauzl\index.js:187:14
    at C:\Users\PC_TOM\Desktop\JsReports\node_modules\yauzl\index.js:631:5
    at C:\Users\PC_TOM\Desktop\JsReports\node_modules\fd-slicer\index.js:32:7
    at FSReqCallback.wrapper [as oncomplete] (fs.js:477:5)
2020-09-08T17:11:11.306Z - error: Error during processing request at http://localhost:8001/api/validate-import?fullImport=false&targetFolder=Byj2FKm, details: Error: end of central directory record signature not found
    at C:\Users\PC_TOM\Desktop\JsReports\node_modules\yauzl\index.js:187:14
    at C:\Users\PC_TOM\Desktop\JsReports\node_modules\yauzl\index.js:631:5
    at C:\Users\PC_TOM\Desktop\JsReports\node_modules\fd-slicer\index.js:32:7
    at FSReqCallback.wrapper [as oncomplete] (fs.js:477:5)
2020-09-08T17:22:09.739Z - error: Rendering request 3 finished with error in 10 ms
2020-09-08T17:22:09.740Z - error: Error when processing render request 3 Asset reportQuotationTecno-styles.css not found in the store and also not on the disk: Unable to find or read file C:\Users\PC_TOM\Desktop\JsReports\reportQuotationTecno-styles.css. ENOENT: no such file or directory, open 'C:\Users\PC_TOM\Desktop\JsReports\reportQuotationTecno-styles.css' Error: Asset reportQuotationTecno-styles.css not found in the store and also not on the disk: Unable to find or read file C:\Users\PC_TOM\Desktop\JsReports\reportQuotationTecno-styles.css. ENOENT: no such file or directory, open 'C:\Users\PC_TOM\Desktop\JsReports\reportQuotationTecno-styles.css'
    at readAsset (C:\Users\PC_TOM\Desktop\JsReports\node_modules\jsreport-assets\lib\assets.js:232:15)
2020-09-08T17:22:09.741Z - error: Error during processing request at http://localhost:8001/api/report/QoutationTecnoTemplate
